\BOOKMARK [0][-]{chapter*.3}{\376\377\000A\000c\000k\000n\000o\000w\000l\000e\000d\000g\000e\000m\000e\000n\000t\000s}{}% 1
\BOOKMARK [0][-]{chapter*.4}{\376\377\000A\000b\000s\000t\000r\000a\000c\000t}{}% 2
\BOOKMARK [0][-]{chapter*.4}{\376\377\000L\000i\000s\000t\000\040\000o\000f\000\040\000F\000i\000g\000u\000r\000e\000s}{}% 3
\BOOKMARK [0][-]{chapter*.4}{\376\377\000L\000i\000s\000t\000\040\000o\000f\000\040\000T\000a\000b\000l\000e\000s}{}% 4
\BOOKMARK [0][-]{chapter*.5}{\376\377\000L\000i\000s\000t\000\040\000o\000f\000\040\000A\000b\000b\000r\000e\000v\000i\000a\000t\000i\000o\000n\000s}{}% 5
\BOOKMARK [0][-]{chapter.1}{\376\377\000I\000N\000T\000R\000O\000D\000U\000C\000T\000I\000O\000N}{}% 6
\BOOKMARK [1][-]{section.1.1}{\376\377\000B\000a\000c\000k\000g\000r\000o\000u\000n\000d}{chapter.1}% 7
\BOOKMARK [1][-]{section.1.2}{\376\377\000E\000x\000i\000s\000t\000i\000n\000g\000\040\000S\000y\000s\000t\000e\000m}{chapter.1}% 8
\BOOKMARK [2][-]{subsection.1.2.1}{\376\377\000F\000i\000r\000m\000w\000a\000r\000e\000\040\000A\000n\000a\000l\000y\000s\000i\000s\000\040\000T\000o\000o\000l\000s}{section.1.2}% 9
\BOOKMARK [2][-]{subsection.1.2.2}{\376\377\000N\000e\000t\000w\000o\000r\000k\000\040\000S\000c\000a\000n\000n\000i\000n\000g\000\040\000S\000o\000l\000u\000t\000i\000o\000n\000s}{section.1.2}% 10
\BOOKMARK [2][-]{subsection.1.2.3}{\376\377\000M\000a\000l\000w\000a\000r\000e\000\040\000D\000e\000t\000e\000c\000t\000i\000o\000n\000\040\000A\000p\000p\000r\000o\000a\000c\000h\000e\000s}{section.1.2}% 11
\BOOKMARK [2][-]{subsection.1.2.4}{\376\377\000F\000r\000a\000g\000m\000e\000n\000t\000a\000t\000i\000o\000n\000\040\000P\000r\000o\000b\000l\000e\000m\000s}{section.1.2}% 12
\BOOKMARK [1][-]{section.1.3}{\376\377\000P\000r\000o\000b\000l\000e\000m\000\040\000S\000t\000a\000t\000e\000m\000e\000n\000t}{chapter.1}% 13
\BOOKMARK [1][-]{section.1.4}{\376\377\000O\000b\000j\000e\000c\000t\000i\000v\000e\000s}{chapter.1}% 14
\BOOKMARK [2][-]{subsection.1.4.1}{\376\377\000P\000r\000i\000m\000a\000r\000y\000\040\000O\000b\000j\000e\000c\000t\000i\000v\000e\000s}{section.1.4}% 15
\BOOKMARK [2][-]{subsection.1.4.2}{\376\377\000S\000e\000c\000o\000n\000d\000a\000r\000y\000\040\000O\000b\000j\000e\000c\000t\000i\000v\000e\000s}{section.1.4}% 16
\BOOKMARK [1][-]{section.1.5}{\376\377\000S\000c\000o\000p\000e}{chapter.1}% 17
\BOOKMARK [2][-]{subsection.1.5.1}{\376\377\000I\000n\000-\000S\000c\000o\000p\000e\000\040\000C\000a\000p\000a\000b\000i\000l\000i\000t\000i\000e\000s}{section.1.5}% 18
\BOOKMARK [0][-]{chapter*.6}{\376\377\000A\000c\000k\000n\000o\000w\000l\000e\000d\000g\000e\000m\000e\000n\000t\000s}{}% 19
\BOOKMARK [0][-]{chapter*.7}{\376\377\000A\000b\000s\000t\000r\000a\000c\000t}{}% 20
\BOOKMARK [0][-]{chapter*.7}{\376\377\000L\000i\000s\000t\000\040\000o\000f\000\040\000F\000i\000g\000u\000r\000e\000s}{}% 21
\BOOKMARK [0][-]{chapter*.7}{\376\377\000L\000i\000s\000t\000\040\000o\000f\000\040\000T\000a\000b\000l\000e\000s}{}% 22
\BOOKMARK [0][-]{chapter*.8}{\376\377\000L\000i\000s\000t\000\040\000o\000f\000\040\000A\000b\000b\000r\000e\000v\000i\000a\000t\000i\000o\000n\000s}{}% 23
\BOOKMARK [0][-]{chapter.2}{\376\377\000I\000N\000T\000R\000O\000D\000U\000C\000T\000I\000O\000N}{}% 24
\BOOKMARK [1][-]{section.2.1}{\376\377\000B\000a\000c\000k\000g\000r\000o\000u\000n\000d}{chapter.2}% 25
\BOOKMARK [1][-]{section.2.2}{\376\377\000E\000x\000i\000s\000t\000i\000n\000g\000\040\000S\000y\000s\000t\000e\000m}{chapter.2}% 26
\BOOKMARK [2][-]{subsection.2.2.1}{\376\377\000F\000i\000r\000m\000w\000a\000r\000e\000\040\000A\000n\000a\000l\000y\000s\000i\000s\000\040\000T\000o\000o\000l\000s}{section.2.2}% 27
\BOOKMARK [2][-]{subsection.2.2.2}{\376\377\000N\000e\000t\000w\000o\000r\000k\000\040\000S\000c\000a\000n\000n\000i\000n\000g\000\040\000S\000o\000l\000u\000t\000i\000o\000n\000s}{section.2.2}% 28
\BOOKMARK [2][-]{subsection.2.2.3}{\376\377\000M\000a\000l\000w\000a\000r\000e\000\040\000D\000e\000t\000e\000c\000t\000i\000o\000n\000\040\000A\000p\000p\000r\000o\000a\000c\000h\000e\000s}{section.2.2}% 29
\BOOKMARK [2][-]{subsection.2.2.4}{\376\377\000F\000r\000a\000g\000m\000e\000n\000t\000a\000t\000i\000o\000n\000\040\000P\000r\000o\000b\000l\000e\000m\000s}{section.2.2}% 30
\BOOKMARK [1][-]{section.2.3}{\376\377\000P\000r\000o\000b\000l\000e\000m\000\040\000S\000t\000a\000t\000e\000m\000e\000n\000t}{chapter.2}% 31
\BOOKMARK [1][-]{section.2.4}{\376\377\000O\000b\000j\000e\000c\000t\000i\000v\000e\000s}{chapter.2}% 32
\BOOKMARK [2][-]{subsection.2.4.1}{\376\377\000P\000r\000i\000m\000a\000r\000y\000\040\000O\000b\000j\000e\000c\000t\000i\000v\000e\000s}{section.2.4}% 33
\BOOKMARK [2][-]{subsection.2.4.2}{\376\377\000S\000e\000c\000o\000n\000d\000a\000r\000y\000\040\000O\000b\000j\000e\000c\000t\000i\000v\000e\000s}{section.2.4}% 34
\BOOKMARK [1][-]{section.2.5}{\376\377\000S\000c\000o\000p\000e}{chapter.2}% 35
\BOOKMARK [2][-]{subsection.2.5.1}{\376\377\000I\000n\000-\000S\000c\000o\000p\000e\000\040\000C\000a\000p\000a\000b\000i\000l\000i\000t\000i\000e\000s}{section.2.5}% 36
\BOOKMARK [2][-]{subsection.2.5.2}{\376\377\000O\000u\000t\000-\000o\000f\000-\000S\000c\000o\000p\000e\000\040\000L\000i\000m\000i\000t\000a\000t\000i\000o\000n\000s}{section.2.5}% 37
\BOOKMARK [2][-]{subsection.2.5.3}{\376\377\000T\000a\000r\000g\000e\000t\000\040\000U\000s\000e\000r\000s\000\040\000a\000n\000d\000\040\000D\000e\000p\000l\000o\000y\000m\000e\000n\000t\000s}{section.2.5}% 38
\BOOKMARK [0][-]{chapter.3}{\376\377\000L\000I\000T\000E\000R\000A\000T\000U\000R\000E\000\040\000R\000E\000V\000I\000E\000W}{}% 39
\BOOKMARK [1][-]{section.3.1}{\376\377\000I\000o\000T\000\040\000F\000i\000r\000m\000w\000a\000r\000e\000\040\000A\000n\000a\000l\000y\000s\000i\000s\000\040\000a\000n\000d\000\040\000E\000m\000u\000l\000a\000t\000i\000o\000n}{chapter.3}% 40
\BOOKMARK [1][-]{section.3.2}{\376\377\000N\000e\000t\000w\000o\000r\000k\000\040\000S\000c\000a\000n\000n\000i\000n\000g\000\040\000a\000n\000d\000\040\000D\000e\000v\000i\000c\000e\000\040\000D\000i\000s\000c\000o\000v\000e\000r\000y}{chapter.3}% 41
\BOOKMARK [1][-]{section.3.3}{\376\377\000M\000a\000c\000h\000i\000n\000e\000\040\000L\000e\000a\000r\000n\000i\000n\000g\000\040\000f\000o\000r\000\040\000M\000a\000l\000w\000a\000r\000e\000\040\000D\000e\000t\000e\000c\000t\000i\000o\000n}{chapter.3}% 42
\BOOKMARK [1][-]{section.3.4}{\376\377\000I\000n\000t\000e\000g\000r\000a\000t\000e\000d\000\040\000S\000e\000c\000u\000r\000i\000t\000y\000\040\000F\000r\000a\000m\000e\000w\000o\000r\000k\000s}{chapter.3}% 43
\BOOKMARK [0][-]{chapter.4}{\376\377\000S\000Y\000S\000T\000E\000M\000\040\000A\000N\000A\000L\000Y\000S\000I\000S}{}% 44
\BOOKMARK [1][-]{section.4.1}{\376\377\000F\000u\000n\000c\000t\000i\000o\000n\000a\000l\000\040\000R\000e\000q\000u\000i\000r\000e\000m\000e\000n\000t\000s}{chapter.4}% 45
\BOOKMARK [2][-]{subsection.4.1.1}{\376\377\000F\000i\000r\000m\000w\000a\000r\000e\000\040\000I\000m\000a\000g\000e\000\040\000P\000r\000o\000c\000e\000s\000s\000i\000n\000g\000\040\000\050\000F\000R\000-\0001\000\051}{section.4.1}% 46
\BOOKMARK [2][-]{subsection.4.1.2}{\376\377\000A\000u\000t\000o\000m\000a\000t\000e\000d\000\040\000F\000i\000r\000m\000w\000a\000r\000e\000\040\000E\000m\000u\000l\000a\000t\000i\000o\000n\000\040\000\050\000F\000R\000-\0002\000\051}{section.4.1}% 47
\BOOKMARK [2][-]{subsection.4.1.3}{\376\377\000V\000u\000l\000n\000e\000r\000a\000b\000i\000l\000i\000t\000y\000\040\000A\000n\000a\000l\000y\000s\000i\000s\000\040\000T\000e\000s\000t\000i\000n\000g\000\040\000\050\000F\000R\000-\0003\000\051}{section.4.1}% 48
\BOOKMARK [2][-]{subsection.4.1.4}{\376\377\000N\000e\000t\000w\000o\000r\000k\000\040\000D\000e\000v\000i\000c\000e\000\040\000D\000i\000s\000c\000o\000v\000e\000r\000y\000\040\000\050\000F\000R\000-\0004\000\051}{section.4.1}% 49
\BOOKMARK [2][-]{subsection.4.1.5}{\376\377\000D\000e\000v\000i\000c\000e\000\040\000I\000d\000e\000n\000t\000i\000f\000i\000c\000a\000t\000i\000o\000n\000\040\000\050\000F\000R\000-\0005\000\051}{section.4.1}% 50
\BOOKMARK [2][-]{subsection.4.1.6}{\376\377\000T\000r\000a\000f\000f\000i\000c\000\040\000C\000a\000p\000t\000u\000r\000e\000\040\000a\000n\000d\000\040\000P\000r\000e\000p\000r\000o\000c\000e\000s\000s\000i\000n\000g\000\040\000\050\000F\000R\000-\0006\000\051}{section.4.1}% 51
\BOOKMARK [2][-]{subsection.4.1.7}{\376\377\000M\000a\000l\000w\000a\000r\000e\000\040\000C\000l\000a\000s\000s\000i\000f\000i\000c\000a\000t\000i\000o\000n\000\040\000\050\000F\000R\000-\0007\000\051}{section.4.1}% 52
\BOOKMARK [2][-]{subsection.4.1.8}{\376\377\000M\000o\000d\000e\000l\000\040\000T\000r\000a\000i\000n\000i\000n\000g\000\040\000\050\000F\000R\000-\0008\000\051}{section.4.1}% 53
\BOOKMARK [2][-]{subsection.4.1.9}{\376\377\000I\000n\000t\000e\000g\000r\000a\000t\000e\000d\000\040\000D\000a\000s\000h\000b\000o\000a\000r\000d\000\040\000\050\000F\000R\000-\0009\000\051}{section.4.1}% 54
\BOOKMARK [2][-]{subsection.4.1.10}{\376\377\000A\000l\000e\000r\000t\000\040\000G\000e\000n\000e\000r\000a\000t\000i\000o\000n\000\040\000\050\000F\000R\000-\0001\0000\000\051}{section.4.1}% 55
\BOOKMARK [1][-]{section.4.2}{\376\377\000N\000o\000n\000-\000F\000u\000n\000c\000t\000i\000o\000n\000a\000l\000\040\000R\000e\000q\000u\000i\000r\000e\000m\000e\000n\000t\000s}{chapter.4}% 56
\BOOKMARK [2][-]{subsection.4.2.1}{\376\377\000P\000e\000r\000f\000o\000r\000m\000a\000n\000c\000e\000\040\000a\000n\000d\000\040\000S\000c\000a\000l\000a\000b\000i\000l\000i\000t\000y\000\040\000\050\000N\000F\000R\000-\0001\000\051}{section.4.2}% 57
\BOOKMARK [2][-]{subsection.4.2.2}{\376\377\000R\000e\000l\000i\000a\000b\000i\000l\000i\000t\000y\000\040\000a\000n\000d\000\040\000F\000a\000u\000l\000t\000\040\000T\000o\000l\000e\000r\000a\000n\000c\000e\000\040\000\050\000N\000F\000R\000-\0002\000\051}{section.4.2}% 58
\BOOKMARK [2][-]{subsection.4.2.3}{\376\377\000U\000s\000a\000b\000i\000l\000i\000t\000y\000\040\000a\000n\000d\000\040\000A\000c\000c\000e\000s\000s\000i\000b\000i\000l\000i\000t\000y\000\040\000\050\000N\000F\000R\000-\0003\000\051}{section.4.2}% 59
\BOOKMARK [2][-]{subsection.4.2.4}{\376\377\000S\000e\000c\000u\000r\000i\000t\000y\000\040\000a\000n\000d\000\040\000P\000r\000i\000v\000a\000c\000y\000\040\000\050\000N\000F\000R\000-\0004\000\051}{section.4.2}% 60
\BOOKMARK [2][-]{subsection.4.2.5}{\376\377\000M\000a\000i\000n\000t\000a\000i\000n\000a\000b\000i\000l\000i\000t\000y\000\040\000a\000n\000d\000\040\000E\000x\000t\000e\000n\000s\000i\000b\000i\000l\000i\000t\000y\000\040\000\050\000N\000F\000R\000-\0005\000\051}{section.4.2}% 61
\BOOKMARK [2][-]{subsection.4.2.6}{\376\377\000P\000o\000r\000t\000a\000b\000i\000l\000i\000t\000y\000\040\000a\000n\000d\000\040\000D\000e\000p\000l\000o\000y\000m\000e\000n\000t\000\040\000\050\000N\000F\000R\000-\0006\000\051}{section.4.2}% 62
\BOOKMARK [2][-]{subsection.4.2.7}{\376\377\000D\000o\000c\000u\000m\000e\000n\000t\000a\000t\000i\000o\000n\000\040\000a\000n\000d\000\040\000T\000r\000a\000i\000n\000i\000n\000g\000\040\000\050\000N\000F\000R\000-\0007\000\051}{section.4.2}% 63
\BOOKMARK [1][-]{section.4.3}{\376\377\000F\000e\000a\000s\000i\000b\000i\000l\000i\000t\000y\000\040\000A\000n\000a\000l\000y\000s\000i\000s}{chapter.4}% 64
\BOOKMARK [2][-]{subsection.4.3.1}{\376\377\000T\000e\000c\000h\000n\000i\000c\000a\000l\000\040\000F\000e\000a\000s\000i\000b\000i\000l\000i\000t\000y}{section.4.3}% 65
\BOOKMARK [2][-]{subsection.4.3.2}{\376\377\000O\000p\000e\000r\000a\000t\000i\000o\000n\000a\000l\000\040\000F\000e\000a\000s\000i\000b\000i\000l\000i\000t\000y}{section.4.3}% 66
\BOOKMARK [2][-]{subsection.4.3.3}{\376\377\000E\000c\000o\000n\000o\000m\000i\000c\000\040\000F\000e\000a\000s\000i\000b\000i\000l\000i\000t\000y}{section.4.3}% 67
\BOOKMARK [1][-]{section.4.4}{\376\377\000H\000a\000r\000d\000w\000a\000r\000e\000\040\000R\000e\000q\000u\000i\000r\000e\000m\000e\000n\000t\000s}{chapter.4}% 68
\BOOKMARK [2][-]{subsection.4.4.1}{\376\377\000D\000e\000v\000e\000l\000o\000p\000m\000e\000n\000t\000\040\000E\000n\000v\000i\000r\000o\000n\000m\000e\000n\000t\000\040\000S\000p\000e\000c\000i\000f\000i\000c\000a\000t\000i\000o\000n\000s}{section.4.4}% 69
\BOOKMARK [2][-]{subsection.4.4.2}{\376\377\000P\000r\000o\000d\000u\000c\000t\000i\000o\000n\000\040\000D\000e\000p\000l\000o\000y\000m\000e\000n\000t\000\040\000H\000a\000r\000d\000w\000a\000r\000e}{section.4.4}% 70
\BOOKMARK [1][-]{section.4.5}{\376\377\000S\000o\000f\000t\000w\000a\000r\000e\000\040\000R\000e\000q\000u\000i\000r\000e\000m\000e\000n\000t\000s}{chapter.4}% 71
\BOOKMARK [2][-]{subsection.4.5.1}{\376\377\000C\000o\000r\000e\000\040\000S\000y\000s\000t\000e\000m\000\040\000S\000o\000f\000t\000w\000a\000r\000e}{section.4.5}% 72
\BOOKMARK [2][-]{subsection.4.5.2}{\376\377\000F\000i\000r\000m\000w\000a\000r\000e\000\040\000E\000m\000u\000l\000a\000t\000i\000o\000n\000\040\000S\000o\000f\000t\000w\000a\000r\000e}{section.4.5}% 73
\BOOKMARK [2][-]{subsection.4.5.3}{\376\377\000N\000e\000t\000w\000o\000r\000k\000\040\000S\000c\000a\000n\000n\000e\000r\000\040\000S\000o\000f\000t\000w\000a\000r\000e}{section.4.5}% 74
\BOOKMARK [2][-]{subsection.4.5.4}{\376\377\000M\000a\000l\000w\000a\000r\000e\000\040\000C\000l\000a\000s\000s\000i\000f\000i\000e\000r\000\040\000S\000o\000f\000t\000w\000a\000r\000e}{section.4.5}% 75
\BOOKMARK [2][-]{subsection.4.5.5}{\376\377\000S\000y\000s\000t\000e\000m\000\040\000I\000n\000t\000e\000g\000r\000a\000t\000i\000o\000n\000\040\000S\000o\000f\000t\000w\000a\000r\000e}{section.4.5}% 76
\BOOKMARK [1][-]{section.4.6}{\376\377\000L\000i\000f\000e\000\040\000C\000y\000c\000l\000e\000\040\000U\000s\000e\000d}{chapter.4}% 77
\BOOKMARK [2][-]{subsection.4.6.1}{\376\377\000I\000n\000c\000r\000e\000m\000e\000n\000t\000a\000l\000\040\000S\000o\000f\000t\000w\000a\000r\000e\000\040\000D\000e\000v\000e\000l\000o\000p\000m\000e\000n\000t\000\040\000M\000o\000d\000e\000l}{section.4.6}% 78
\BOOKMARK [2][-]{subsection.4.6.2}{\376\377\000M\000a\000c\000h\000i\000n\000e\000\040\000L\000e\000a\000r\000n\000i\000n\000g\000\040\000D\000e\000v\000e\000l\000o\000p\000m\000e\000n\000t\000\040\000L\000i\000f\000e\000c\000y\000c\000l\000e}{section.4.6}% 79
\BOOKMARK [2][-]{subsection.4.6.3}{\376\377\000P\000r\000o\000j\000e\000c\000t\000\040\000I\000n\000c\000r\000e\000m\000e\000n\000t\000s\000\040\000S\000c\000h\000e\000d\000u\000l\000e}{section.4.6}% 80
\BOOKMARK [1][-]{section.4.7}{\376\377\000S\000o\000f\000t\000w\000a\000r\000e\000\040\000C\000o\000s\000t\000\040\000E\000s\000t\000i\000m\000a\000t\000i\000o\000n}{chapter.4}% 81
\BOOKMARK [2][-]{subsection.4.7.1}{\376\377\000C\000O\000C\000O\000M\000O\000\040\000M\000o\000d\000e\000l\000\040\000A\000p\000p\000l\000i\000c\000a\000t\000i\000o\000n}{section.4.7}% 82
\BOOKMARK [2][-]{subsection.4.7.2}{\376\377\000C\000o\000d\000e\000\040\000S\000i\000z\000e\000\040\000a\000n\000d\000\040\000C\000o\000s\000t\000\040\000C\000a\000l\000c\000u\000l\000a\000t\000i\000o\000n}{section.4.7}% 83
\BOOKMARK [1][-]{section.4.8}{\376\377\000H\000a\000r\000d\000w\000a\000r\000e\000\040\000C\000o\000s\000t\000\040\000E\000s\000t\000i\000m\000a\000t\000i\000o\000n}{chapter.4}% 84
\BOOKMARK [1][-]{section.4.9}{\376\377\000T\000o\000t\000a\000l\000\040\000P\000r\000o\000d\000u\000c\000t\000\040\000C\000o\000s\000t\000\040\000E\000s\000t\000i\000m\000a\000t\000i\000o\000n}{chapter.4}% 85
\BOOKMARK [2][-]{subsection.4.9.1}{\376\377\000A\000c\000a\000d\000e\000m\000i\000c\000\040\000a\000n\000d\000\040\000C\000o\000m\000m\000e\000r\000c\000i\000a\000l\000\040\000C\000o\000n\000t\000e\000x\000t\000\040\000C\000o\000s\000t\000s}{section.4.9}% 86
\BOOKMARK [2][-]{subsection.4.9.2}{\376\377\000C\000o\000s\000t\000-\000B\000e\000n\000e\000f\000i\000t\000\040\000A\000n\000a\000l\000y\000s\000i\000s}{section.4.9}% 87
\BOOKMARK [2][-]{subsection.4.9.3}{\376\377\000C\000o\000m\000p\000a\000r\000i\000s\000o\000n\000\040\000t\000o\000\040\000C\000o\000m\000m\000e\000r\000c\000i\000a\000l\000\040\000A\000l\000t\000e\000r\000n\000a\000t\000i\000v\000e\000s}{section.4.9}% 88
\BOOKMARK [1][-]{section.4.10}{\376\377\000P\000r\000o\000j\000e\000c\000t\000\040\000S\000c\000h\000e\000d\000u\000l\000i\000n\000g\000\040\000u\000s\000i\000n\000g\000\040\000G\000a\000n\000t\000t\000\040\000C\000h\000a\000r\000t}{chapter.4}% 89
\BOOKMARK [2][-]{subsection.4.10.1}{\376\377\000P\000h\000a\000s\000e\000\040\000T\000i\000m\000e\000l\000i\000n\000e\000\040\000O\000v\000e\000r\000v\000i\000e\000w}{section.4.10}% 90
\BOOKMARK [2][-]{subsection.4.10.2}{\376\377\000C\000r\000i\000t\000i\000c\000a\000l\000\040\000P\000a\000t\000h\000\040\000a\000n\000d\000\040\000M\000i\000l\000e\000s\000t\000o\000n\000e\000s}{section.4.10}% 91
\BOOKMARK [2][-]{subsection.4.10.3}{\376\377\000R\000i\000s\000k\000\040\000M\000a\000n\000a\000g\000e\000m\000e\000n\000t\000\040\000S\000t\000r\000a\000t\000e\000g\000y}{section.4.10}% 92
\BOOKMARK [0][-]{chapter.5}{\376\377\000M\000E\000T\000H\000O\000D\000O\000L\000O\000G\000Y}{}% 93
\BOOKMARK [1][-]{section.5.1}{\376\377\000P\000r\000o\000p\000o\000s\000e\000d\000\040\000S\000y\000s\000t\000e\000m}{chapter.5}% 94
\BOOKMARK [2][-]{subsection.5.1.1}{\376\377\000S\000y\000s\000t\000e\000m\000\040\000A\000r\000c\000h\000i\000t\000e\000c\000t\000u\000r\000e\000\040\000O\000v\000e\000r\000v\000i\000e\000w}{section.5.1}% 95
\BOOKMARK [2][-]{subsection.5.1.2}{\376\377\000F\000i\000r\000m\000w\000a\000r\000e\000\040\000E\000m\000u\000l\000a\000t\000i\000o\000n\000\040\000S\000u\000b\000s\000y\000s\000t\000e\000m\000\040\000D\000e\000s\000i\000g\000n}{section.5.1}% 96
\BOOKMARK [2][-]{subsection.5.1.3}{\376\377\000N\000e\000t\000w\000o\000r\000k\000\040\000S\000c\000a\000n\000n\000i\000n\000g\000\040\000S\000u\000b\000s\000y\000s\000t\000e\000m\000\040\000D\000e\000s\000i\000g\000n}{section.5.1}% 97
\BOOKMARK [2][-]{subsection.5.1.4}{\376\377\000M\000a\000l\000w\000a\000r\000e\000\040\000C\000l\000a\000s\000s\000i\000f\000i\000c\000a\000t\000i\000o\000n\000\040\000S\000u\000b\000s\000y\000s\000t\000e\000m\000\040\000D\000e\000s\000i\000g\000n}{section.5.1}% 98
\BOOKMARK [2][-]{subsection.5.1.5}{\376\377\000S\000y\000s\000t\000e\000m\000\040\000I\000n\000t\000e\000g\000r\000a\000t\000i\000o\000n\000\040\000A\000r\000c\000h\000i\000t\000e\000c\000t\000u\000r\000e}{section.5.1}% 99
\BOOKMARK [1][-]{section.5.2}{\376\377\000A\000d\000v\000a\000n\000t\000a\000g\000e\000s\000\040\000o\000f\000\040\000P\000r\000o\000p\000o\000s\000e\000d\000\040\000S\000y\000s\000t\000e\000m}{chapter.5}% 100
\BOOKMARK [2][-]{subsection.5.2.1}{\376\377\000C\000o\000m\000p\000r\000e\000h\000e\000n\000s\000i\000v\000e\000\040\000S\000e\000c\000u\000r\000i\000t\000y\000\040\000C\000o\000v\000e\000r\000a\000g\000e}{section.5.2}% 101
\BOOKMARK [2][-]{subsection.5.2.2}{\376\377\000A\000u\000t\000o\000m\000a\000t\000i\000o\000n\000\040\000a\000n\000d\000\040\000S\000c\000a\000l\000a\000b\000i\000l\000i\000t\000y}{section.5.2}% 102
\BOOKMARK [2][-]{subsection.5.2.3}{\376\377\000A\000d\000v\000a\000n\000c\000e\000d\000\040\000A\000I\000\040\000C\000a\000p\000a\000b\000i\000l\000i\000t\000i\000e\000s}{section.5.2}% 103
\BOOKMARK [2][-]{subsection.5.2.4}{\376\377\000C\000o\000s\000t\000-\000E\000f\000f\000e\000c\000t\000i\000v\000e\000n\000e\000s\000s}{section.5.2}% 104
\BOOKMARK [2][-]{subsection.5.2.5}{\376\377\000F\000l\000e\000x\000i\000b\000i\000l\000i\000t\000y\000\040\000a\000n\000d\000\040\000E\000x\000t\000e\000n\000s\000i\000b\000i\000l\000i\000t\000y}{section.5.2}% 105
\BOOKMARK [1][-]{section.5.3}{\376\377\000S\000y\000s\000t\000e\000m\000\040\000C\000o\000m\000p\000o\000n\000e\000n\000t\000s\000\040\000a\000n\000d\000\040\000I\000n\000t\000e\000g\000r\000a\000t\000i\000o\000n}{chapter.5}% 106
\BOOKMARK [2][-]{subsection.5.3.1}{\376\377\000F\000i\000r\000m\000w\000a\000r\000e\000\040\000E\000m\000u\000l\000a\000t\000i\000o\000n\000\040\000I\000m\000p\000l\000e\000m\000e\000n\000t\000a\000t\000i\000o\000n}{section.5.3}% 107
\BOOKMARK [2][-]{subsection.5.3.2}{\376\377\000N\000e\000t\000w\000o\000r\000k\000\040\000S\000c\000a\000n\000n\000e\000r\000\040\000I\000m\000p\000l\000e\000m\000e\000n\000t\000a\000t\000i\000o\000n}{section.5.3}% 108
\BOOKMARK [2][-]{subsection.5.3.3}{\376\377\000M\000a\000l\000w\000a\000r\000e\000\040\000C\000l\000a\000s\000s\000i\000f\000i\000e\000r\000\040\000I\000m\000p\000l\000e\000m\000e\000n\000t\000a\000t\000i\000o\000n}{section.5.3}% 109
\BOOKMARK [2][-]{subsection.5.3.4}{\376\377\000S\000y\000s\000t\000e\000m\000\040\000I\000n\000t\000e\000g\000r\000a\000t\000i\000o\000n\000\040\000I\000m\000p\000l\000e\000m\000e\000n\000t\000a\000t\000i\000o\000n}{section.5.3}% 110
\BOOKMARK [0][-]{chapter.6}{\376\377\000S\000Y\000S\000T\000E\000M\000\040\000I\000M\000P\000L\000E\000M\000E\000N\000T\000A\000T\000I\000O\000N}{}% 111
\BOOKMARK [1][-]{section.6.1}{\376\377\000I\000n\000t\000r\000o\000d\000u\000c\000t\000i\000o\000n}{chapter.6}% 112
\BOOKMARK [1][-]{section.6.2}{\376\377\000O\000v\000e\000r\000a\000l\000l\000\040\000S\000y\000s\000t\000e\000m\000\040\000I\000m\000p\000l\000e\000m\000e\000n\000t\000a\000t\000i\000o\000n\000\040\000A\000r\000c\000h\000i\000t\000e\000c\000t\000u\000r\000e}{chapter.6}% 113
\BOOKMARK [1][-]{section.6.3}{\376\377\000F\000i\000r\000m\000w\000a\000r\000e\000\040\000A\000c\000q\000u\000i\000s\000i\000t\000i\000o\000n\000\040\000a\000n\000d\000\040\000P\000r\000o\000c\000e\000s\000s\000i\000n\000g\000\040\000M\000o\000d\000u\000l\000e}{chapter.6}% 114
\BOOKMARK [1][-]{section.6.4}{\376\377\000F\000i\000r\000m\000w\000a\000r\000e\000\040\000E\000m\000u\000l\000a\000t\000i\000o\000n\000\040\000I\000m\000p\000l\000e\000m\000e\000n\000t\000a\000t\000i\000o\000n}{chapter.6}% 115
\BOOKMARK [1][-]{section.6.5}{\376\377\000V\000u\000l\000n\000e\000r\000a\000b\000i\000l\000i\000t\000y\000\040\000A\000n\000a\000l\000y\000s\000i\000s\000\040\000E\000n\000g\000i\000n\000e\000\040\000I\000m\000p\000l\000e\000m\000e\000n\000t\000a\000t\000i\000o\000n}{chapter.6}% 116
\BOOKMARK [1][-]{section.6.6}{\376\377\000N\000e\000t\000w\000o\000r\000k\000\040\000S\000c\000a\000n\000n\000i\000n\000g\000\040\000a\000n\000d\000\040\000D\000e\000v\000i\000c\000e\000\040\000D\000i\000s\000c\000o\000v\000e\000r\000y\000\040\000M\000o\000d\000u\000l\000e}{chapter.6}% 117
\BOOKMARK [1][-]{section.6.7}{\376\377\000D\000e\000v\000i\000c\000e\000\040\000I\000d\000e\000n\000t\000i\000f\000i\000c\000a\000t\000i\000o\000n\000\040\000a\000n\000d\000\040\000F\000i\000n\000g\000e\000r\000p\000r\000i\000n\000t\000i\000n\000g}{chapter.6}% 118
\BOOKMARK [1][-]{section.6.8}{\376\377\000M\000a\000l\000w\000a\000r\000e\000\040\000D\000e\000t\000e\000c\000t\000i\000o\000n\000\040\000a\000n\000d\000\040\000A\000I\000\040\000M\000o\000d\000e\000l\000\040\000I\000m\000p\000l\000e\000m\000e\000n\000t\000a\000t\000i\000o\000n}{chapter.6}% 119
\BOOKMARK [1][-]{section.6.9}{\376\377\000S\000y\000s\000t\000e\000m\000\040\000I\000n\000t\000e\000g\000r\000a\000t\000i\000o\000n\000\040\000a\000n\000d\000\040\000D\000a\000t\000a\000\040\000C\000o\000r\000r\000e\000l\000a\000t\000i\000o\000n}{chapter.6}% 120
\BOOKMARK [1][-]{section.6.10}{\376\377\000D\000a\000s\000h\000b\000o\000a\000r\000d\000\040\000a\000n\000d\000\040\000U\000s\000e\000r\000\040\000I\000n\000t\000e\000r\000f\000a\000c\000e\000\040\000I\000m\000p\000l\000e\000m\000e\000n\000t\000a\000t\000i\000o\000n}{chapter.6}% 121
\BOOKMARK [1][-]{section.6.11}{\376\377\000D\000e\000p\000l\000o\000y\000m\000e\000n\000t\000\040\000a\000n\000d\000\040\000C\000o\000n\000t\000a\000i\000n\000e\000r\000i\000z\000a\000t\000i\000o\000n}{chapter.6}% 122
\BOOKMARK [1][-]{section.6.12}{\376\377\000S\000e\000c\000u\000r\000i\000t\000y\000\040\000C\000o\000n\000s\000i\000d\000e\000r\000a\000t\000i\000o\000n\000s}{chapter.6}% 123
\BOOKMARK [0][-]{chapter.7}{\376\377\000T\000E\000S\000T\000I\000N\000G\000\040\000A\000N\000D\000\040\000R\000E\000S\000U\000L\000T\000S}{}% 124
\BOOKMARK [1][-]{section.7.1}{\376\377\000I\000n\000t\000r\000o\000d\000u\000c\000t\000i\000o\000n}{chapter.7}% 125
\BOOKMARK [1][-]{section.7.2}{\376\377\000T\000e\000s\000t\000i\000n\000g\000\040\000S\000t\000r\000a\000t\000e\000g\000y}{chapter.7}% 126
\BOOKMARK [1][-]{section.7.3}{\376\377\000U\000n\000i\000t\000\040\000T\000e\000s\000t\000i\000n\000g}{chapter.7}% 127
\BOOKMARK [2][-]{subsection.7.3.1}{\376\377\000F\000i\000r\000m\000w\000a\000r\000e\000\040\000P\000r\000o\000c\000e\000s\000s\000i\000n\000g\000\040\000M\000o\000d\000u\000l\000e}{section.7.3}% 128
\BOOKMARK [2][-]{subsection.7.3.2}{\376\377\000N\000e\000t\000w\000o\000r\000k\000\040\000S\000c\000a\000n\000n\000i\000n\000g\000\040\000M\000o\000d\000u\000l\000e}{section.7.3}% 129
\BOOKMARK [2][-]{subsection.7.3.3}{\376\377\000M\000a\000l\000w\000a\000r\000e\000\040\000D\000e\000t\000e\000c\000t\000i\000o\000n\000\040\000M\000o\000d\000u\000l\000e}{section.7.3}% 130
\BOOKMARK [1][-]{section.7.4}{\376\377\000I\000n\000t\000e\000g\000r\000a\000t\000i\000o\000n\000\040\000T\000e\000s\000t\000i\000n\000g}{chapter.7}% 131
\BOOKMARK [1][-]{section.7.5}{\376\377\000S\000y\000s\000t\000e\000m\000\040\000T\000e\000s\000t\000i\000n\000g}{chapter.7}% 132
\BOOKMARK [1][-]{section.7.6}{\376\377\000S\000e\000c\000u\000r\000i\000t\000y\000\040\000T\000e\000s\000t\000i\000n\000g}{chapter.7}% 133
\BOOKMARK [0][-]{chapter.8}{\376\377\000C\000O\000N\000C\000L\000U\000S\000I\000O\000N\000S}{}% 134
\BOOKMARK [1][-]{section.8.1}{\376\377\000F\000u\000t\000u\000r\000e\000\040\000E\000n\000h\000a\000n\000c\000e\000m\000e\000n\000t\000s}{chapter.8}% 135
\BOOKMARK [1][-]{section.8.2}{\376\377\000L\000i\000m\000i\000t\000a\000t\000i\000o\000n\000s}{chapter.8}% 136
\BOOKMARK [1][-]{section.8.3}{\376\377\000F\000i\000n\000a\000l\000\040\000R\000e\000m\000a\000r\000k\000s}{chapter.8}% 137
\BOOKMARK [0][-]{appendix.A}{\376\377\000S\000A\000M\000P\000L\000E\000\040\000C\000O\000D\000E}{}% 138
\BOOKMARK [1][-]{section.A.1}{\376\377\000F\000i\000r\000m\000w\000a\000r\000e\000\040\000E\000x\000t\000r\000a\000c\000t\000o\000r\000\040\000C\000l\000a\000s\000s}{appendix.A}% 139
